\BOOKMARK [1][-]{section.1}{Introductie}{}% 1
\BOOKMARK [1][-]{section.2}{Activerende Didactiek}{}% 2
\BOOKMARK [2][-]{subsection.2.1}{Persoonlijk Ontwikkelingsplan}{section.2}% 3
\BOOKMARK [3][-]{subsubsection.2.1.1}{Worst-case scenario}{subsection.2.1}% 4
\BOOKMARK [3][-]{subsubsection.2.1.2}{Leerdoel}{subsection.2.1}% 5
\BOOKMARK [2][-]{subsection.2.2}{Zelfevaluatie}{section.2}% 6
\BOOKMARK [1][-]{section.3}{Begeleiden}{}% 7
\BOOKMARK [2][-]{subsection.3.1}{Persoonlijk Ontwikkelingsplan}{section.3}% 8
\BOOKMARK [2][-]{subsection.3.2}{Zelfevaluatie}{section.3}% 9
\BOOKMARK [3][-]{subsubsection.3.2.1}{Individuele situatie}{subsection.3.2}% 10
\BOOKMARK [3][-]{subsubsection.3.2.2}{Groepssituatie}{subsection.3.2}% 11
\BOOKMARK [1][-]{section.4}{Ontwerpen}{}% 12
\BOOKMARK [2][-]{subsection.4.1}{Persoonlijk Ontwikkelingsplan}{section.4}% 13
\BOOKMARK [2][-]{subsection.4.2}{Uitpluizen van een OWE}{section.4}% 14
\BOOKMARK [2][-]{subsection.4.3}{Zelfevaluatie}{section.4}% 15
\BOOKMARK [1][-]{section.5}{Toetsen}{}% 16
\BOOKMARK [2][-]{subsection.5.1}{Persoonlijk Ontwikkelingsplan}{section.5}% 17
\BOOKMARK [2][-]{subsection.5.2}{Zelfevaluatie}{section.5}% 18
\BOOKMARK [1][-]{section.6}{Reflective Practicioner}{}% 19
\BOOKMARK [2][-]{subsection.6.1}{Introductie}{section.6}% 20
\BOOKMARK [2][-]{subsection.6.2}{Methodiek}{section.6}% 21
\BOOKMARK [2][-]{subsection.6.3}{Bevindingen}{section.6}% 22
\BOOKMARK [3][-]{subsubsection.6.3.1}{Colleges}{subsection.6.3}% 23
\BOOKMARK [3][-]{subsubsection.6.3.2}{``Leuk''}{subsection.6.3}% 24
\BOOKMARK [3][-]{subsubsection.6.3.3}{Tempo}{subsection.6.3}% 25
\BOOKMARK [2][-]{subsection.6.4}{Conclusie}{section.6}% 26
\BOOKMARK [1][-]{section*.2}{Literatuur}{}% 27
\BOOKMARK [1][-]{B"ylage.1.A}{Bijlage Reflectie Lesdemo}{}% 28
\BOOKMARK [1][-]{B"ylage.1.B}{Bijlage Reflectie Lesbezoek Docent VDO}{}% 29
\BOOKMARK [1][-]{B"ylage.1.C}{Bijlage Reflectie Lesbezoek Collega: Carmen}{}% 30
\BOOKMARK [1][-]{B"ylage.1.D}{Bijlage Situatieschets Groepsbegeleiding}{}% 31
\BOOKMARK [2][-]{subsection.1.D.1}{Context}{B"ylage.1.D}% 32
\BOOKMARK [2][-]{subsection.1.D.2}{Situatie}{B"ylage.1.D}% 33
\BOOKMARK [1][-]{B"ylage.1.E}{Bijlage Situatieschets Individuele begeleiding}{}% 34
\BOOKMARK [1][-]{B"ylage.1.F}{Bijlage Vragenlijsten}{}% 35
\BOOKMARK [2][-]{subsection.1.F.1}{Voor studenten}{B"ylage.1.F}% 36
\BOOKMARK [2][-]{subsection.1.F.2}{Voor docenten}{B"ylage.1.F}% 37
\BOOKMARK [1][-]{subsection.1.F.2}{Bijlage OWE voor vak SPD}{}% 38
\BOOKMARK [1][-]{subsection.1.F.2}{Bijlage OWE voor vak SPD}{}% 39
